<?xml version="1.0" encoding="UTF-8"?>
<testsuite xmlns:xsi="http://www.w3.org/2001/XMLSchema-instance" xsi:noNamespaceSchemaLocation="https://maven.apache.org/surefire/maven-surefire-plugin/xsd/surefire-test-report-3.0.xsd" version="3.0" name="stepdefs.TestRunner" time="8.484" tests="1" errors="1" skipped="0" failures="0">
  <properties>
    <property name="java.specification.version" value="14"/>
    <property name="webdriver.chrome.driver" value="/Users/Hyatt/.cache/selenium/chromedriver/mac64/109.0.5414.74/chromedriver"/>
    <property name="sun.jnu.encoding" value="UTF-8"/>
    <property name="java.class.path" value="/Users/Hyatt/git/untitled1/target/test-classes:/Users/Hyatt/git/untitled1/target/classes:/Users/Hyatt/.m2/repository/io/rest-assured/rest-assured-all/4.3.1/rest-assured-all-4.3.1.jar:/Users/Hyatt/.m2/repository/org/codehaus/groovy/groovy/3.0.3/groovy-3.0.3.jar:/Users/Hyatt/.m2/repository/org/apache/commons/commons-lang3/3.4/commons-lang3-3.4.jar:/Users/Hyatt/.m2/repository/org/codehaus/groovy/groovy-xml/3.0.3/groovy-xml-3.0.3.jar:/Users/Hyatt/.m2/repository/org/ccil/cowan/tagsoup/tagsoup/1.2.1/tagsoup-1.2.1.jar:/Users/Hyatt/.m2/repository/jakarta/xml/bind/jakarta.xml.bind-api/2.3.3/jakarta.xml.bind-api-2.3.3.jar:/Users/Hyatt/.m2/repository/jakarta/activation/jakarta.activation-api/1.2.2/jakarta.activation-api-1.2.2.jar:/Users/Hyatt/.m2/repository/com/sun/xml/bind/jaxb-impl/2.3.3/jaxb-impl-2.3.3.jar:/Users/Hyatt/.m2/repository/org/codehaus/groovy/groovy-json/3.0.3/groovy-json-3.0.3.jar:/Users/Hyatt/.m2/repository/io/rest-assured/xml-path/4.3.1/xml-path-4.3.1.jar:/Users/Hyatt/.m2/repository/io/rest-assured/rest-assured-common/4.3.1/rest-assured-common-4.3.1.jar:/Users/Hyatt/.m2/repository/io/rest-assured/json-schema-validator/4.3.1/json-schema-validator-4.3.1.jar:/Users/Hyatt/.m2/repository/com/github/java-json-tools/json-schema-validator/2.2.10/json-schema-validator-2.2.10.jar:/Users/Hyatt/.m2/repository/com/github/java-json-tools/json-schema-core/1.2.10/json-schema-core-1.2.10.jar:/Users/Hyatt/.m2/repository/com/github/java-json-tools/jackson-coreutils/1.9/jackson-coreutils-1.9.jar:/Users/Hyatt/.m2/repository/com/github/fge/msg-simple/1.1/msg-simple-1.1.jar:/Users/Hyatt/.m2/repository/com/github/fge/btf/1.2/btf-1.2.jar:/Users/Hyatt/.m2/repository/com/github/fge/uri-template/0.9/uri-template-0.9.jar:/Users/Hyatt/.m2/repository/org/mozilla/rhino/1.7.7.1/rhino-1.7.7.1.jar:/Users/Hyatt/.m2/repository/javax/mail/mailapi/1.4.3/mailapi-1.4.3.jar:/Users/Hyatt/.m2/repository/javax/activation/activation/1.1/activation-1.1.jar:/Users/Hyatt/.m2/repository/com/googlecode/libphonenumber/libphonenumber/8.0.0/libphonenumber-8.0.0.jar:/Users/Hyatt/.m2/repository/com/google/code/findbugs/jsr305/3.0.1/jsr305-3.0.1.jar:/Users/Hyatt/.m2/repository/net/sf/jopt-simple/jopt-simple/5.0.3/jopt-simple-5.0.3.jar:/Users/Hyatt/.m2/repository/org/hamcrest/hamcrest/2.1/hamcrest-2.1.jar:/Users/Hyatt/.m2/repository/io/rest-assured/scala-support/4.3.1/scala-support-4.3.1.jar:/Users/Hyatt/.m2/repository/org/scala-lang/scala-library/2.13.0/scala-library-2.13.0.jar:/Users/Hyatt/.m2/repository/io/rest-assured/rest-assured/4.3.1/rest-assured-4.3.1.jar:/Users/Hyatt/.m2/repository/org/apache/httpcomponents/httpclient/4.5.3/httpclient-4.5.3.jar:/Users/Hyatt/.m2/repository/org/apache/httpcomponents/httpcore/4.4.6/httpcore-4.4.6.jar:/Users/Hyatt/.m2/repository/commons-logging/commons-logging/1.2/commons-logging-1.2.jar:/Users/Hyatt/.m2/repository/commons-codec/commons-codec/1.9/commons-codec-1.9.jar:/Users/Hyatt/.m2/repository/org/apache/httpcomponents/httpmime/4.5.3/httpmime-4.5.3.jar:/Users/Hyatt/.m2/repository/io/rest-assured/json-path/4.3.1/json-path-4.3.1.jar:/Users/Hyatt/.m2/repository/org/junit/jupiter/junit-jupiter-api/5.3.2/junit-jupiter-api-5.3.2.jar:/Users/Hyatt/.m2/repository/org/apiguardian/apiguardian-api/1.0.0/apiguardian-api-1.0.0.jar:/Users/Hyatt/.m2/repository/org/opentest4j/opentest4j/1.1.1/opentest4j-1.1.1.jar:/Users/Hyatt/.m2/repository/org/junit/platform/junit-platform-commons/1.3.2/junit-platform-commons-1.3.2.jar:/Users/Hyatt/.m2/repository/junit/junit/4.13/junit-4.13.jar:/Users/Hyatt/.m2/repository/org/hamcrest/hamcrest-core/1.3/hamcrest-core-1.3.jar:/Users/Hyatt/.m2/repository/org/json/json/20180813/json-20180813.jar:/Users/Hyatt/.m2/repository/com/opencsv/opencsv/5.2/opencsv-5.2.jar:/Users/Hyatt/.m2/repository/org/apache/commons/commons-text/1.8/commons-text-1.8.jar:/Users/Hyatt/.m2/repository/commons-beanutils/commons-beanutils/1.9.4/commons-beanutils-1.9.4.jar:/Users/Hyatt/.m2/repository/org/apache/commons/commons-collections4/4.4/commons-collections4-4.4.jar:/Users/Hyatt/.m2/repository/io/cucumber/cucumber-java/4.8.1/cucumber-java-4.8.1.jar:/Users/Hyatt/.m2/repository/io/cucumber/cucumber-testng/4.8.1/cucumber-testng-4.8.1.jar:/Users/Hyatt/.m2/repository/io/cucumber/cucumber-java8/4.8.1/cucumber-java8-4.8.1.jar:/Users/Hyatt/.m2/repository/net/jodah/typetools/0.5.0/typetools-0.5.0.jar:/Users/Hyatt/.m2/repository/io/cucumber/cucumber-core/4.8.1/cucumber-core-4.8.1.jar:/Users/Hyatt/.m2/repository/io/cucumber/tag-expressions/1.1.1/tag-expressions-1.1.1.jar:/Users/Hyatt/.m2/repository/io/cucumber/cucumber-expressions/7.0.2/cucumber-expressions-7.0.2.jar:/Users/Hyatt/.m2/repository/io/cucumber/datatable/1.1.14/datatable-1.1.14.jar:/Users/Hyatt/.m2/repository/io/cucumber/datatable-dependencies/1.1.14/datatable-dependencies-1.1.14.jar:/Users/Hyatt/.m2/repository/io/cucumber/cucumber-junit/4.8.1/cucumber-junit-4.8.1.jar:/Users/Hyatt/.m2/repository/io/cucumber/gherkin/5.0.0/gherkin-5.0.0.jar:/Users/Hyatt/.m2/repository/io/cucumber/gherkin-jvm-deps/1.0.4/gherkin-jvm-deps-1.0.4.jar:/Users/Hyatt/.m2/repository/io/cucumber/cucumber-picocontainer/5.0.0/cucumber-picocontainer-5.0.0.jar:/Users/Hyatt/.m2/repository/org/picocontainer/picocontainer/2.15/picocontainer-2.15.jar:/Users/Hyatt/.m2/repository/org/assertj/assertj-core/3.13.2/assertj-core-3.13.2.jar:/Users/Hyatt/.m2/repository/org/seleniumhq/selenium/selenium-firefox-driver/3.141.59/selenium-firefox-driver-3.141.59.jar:/Users/Hyatt/.m2/repository/org/seleniumhq/selenium/selenium-api/3.141.59/selenium-api-3.141.59.jar:/Users/Hyatt/.m2/repository/net/bytebuddy/byte-buddy/1.8.15/byte-buddy-1.8.15.jar:/Users/Hyatt/.m2/repository/org/apache/commons/commons-exec/1.3/commons-exec-1.3.jar:/Users/Hyatt/.m2/repository/com/google/guava/guava/25.0-jre/guava-25.0-jre.jar:/Users/Hyatt/.m2/repository/org/checkerframework/checker-compat-qual/2.0.0/checker-compat-qual-2.0.0.jar:/Users/Hyatt/.m2/repository/com/google/errorprone/error_prone_annotations/2.1.3/error_prone_annotations-2.1.3.jar:/Users/Hyatt/.m2/repository/com/google/j2objc/j2objc-annotations/1.1/j2objc-annotations-1.1.jar:/Users/Hyatt/.m2/repository/org/codehaus/mojo/animal-sniffer-annotations/1.14/animal-sniffer-annotations-1.14.jar:/Users/Hyatt/.m2/repository/com/squareup/okhttp3/okhttp/3.11.0/okhttp-3.11.0.jar:/Users/Hyatt/.m2/repository/com/squareup/okio/okio/1.14.0/okio-1.14.0.jar:/Users/Hyatt/.m2/repository/org/seleniumhq/selenium/selenium-chrome-driver/3.141.59/selenium-chrome-driver-3.141.59.jar:/Users/Hyatt/.m2/repository/org/seleniumhq/selenium/selenium-remote-driver/3.141.59/selenium-remote-driver-3.141.59.jar:/Users/Hyatt/.m2/repository/org/seleniumhq/selenium/selenium-java/3.141.59/selenium-java-3.141.59.jar:/Users/Hyatt/.m2/repository/org/seleniumhq/selenium/selenium-edge-driver/3.141.59/selenium-edge-driver-3.141.59.jar:/Users/Hyatt/.m2/repository/org/seleniumhq/selenium/selenium-ie-driver/3.141.59/selenium-ie-driver-3.141.59.jar:/Users/Hyatt/.m2/repository/org/seleniumhq/selenium/selenium-opera-driver/3.141.59/selenium-opera-driver-3.141.59.jar:/Users/Hyatt/.m2/repository/org/seleniumhq/selenium/selenium-safari-driver/3.141.59/selenium-safari-driver-3.141.59.jar:/Users/Hyatt/.m2/repository/org/seleniumhq/selenium/selenium-support/3.141.59/selenium-support-3.141.59.jar:/Users/Hyatt/.m2/repository/com/google/code/gson/gson/2.8.2/gson-2.8.2.jar:/Users/Hyatt/.m2/repository/org/testng/testng/6.14.3/testng-6.14.3.jar:/Users/Hyatt/.m2/repository/com/beust/jcommander/1.72/jcommander-1.72.jar:/Users/Hyatt/.m2/repository/org/apache-extras/beanshell/bsh/2.0b6/bsh-2.0b6.jar:/Users/Hyatt/.m2/repository/io/github/bonigarcia/webdrivermanager/4.2.0/webdrivermanager-4.2.0.jar:/Users/Hyatt/.m2/repository/org/slf4j/slf4j-api/1.7.30/slf4j-api-1.7.30.jar:/Users/Hyatt/.m2/repository/commons-io/commons-io/2.7/commons-io-2.7.jar:/Users/Hyatt/.m2/repository/org/apache/httpcomponents/client5/httpclient5/5.0.1/httpclient5-5.0.1.jar:/Users/Hyatt/.m2/repository/org/apache/httpcomponents/core5/httpcore5/5.0.1/httpcore5-5.0.1.jar:/Users/Hyatt/.m2/repository/org/apache/httpcomponents/core5/httpcore5-h2/5.0.1/httpcore5-h2-5.0.1.jar:/Users/Hyatt/.m2/repository/org/rauschig/jarchivelib/1.0.0/jarchivelib-1.0.0.jar:/Users/Hyatt/.m2/repository/org/apache/commons/commons-compress/1.18/commons-compress-1.18.jar:/Users/Hyatt/.m2/repository/org/jsoup/jsoup/1.13.1/jsoup-1.13.1.jar:/Users/Hyatt/.m2/repository/net/masterthought/cucumber-reporting/4.11.2/cucumber-reporting-4.11.2.jar:/Users/Hyatt/.m2/repository/com/fasterxml/jackson/core/jackson-databind/2.9.9.3/jackson-databind-2.9.9.3.jar:/Users/Hyatt/.m2/repository/com/fasterxml/jackson/core/jackson-annotations/2.9.0/jackson-annotations-2.9.0.jar:/Users/Hyatt/.m2/repository/com/fasterxml/jackson/core/jackson-core/2.9.9/jackson-core-2.9.9.jar:/Users/Hyatt/.m2/repository/org/apache/velocity/velocity/1.7/velocity-1.7.jar:/Users/Hyatt/.m2/repository/commons-lang/commons-lang/2.4/commons-lang-2.4.jar:/Users/Hyatt/.m2/repository/commons-collections/commons-collections/3.2.2/commons-collections-3.2.2.jar:/Users/Hyatt/.m2/repository/velocity-tools/velocity-tools/1.4/velocity-tools-1.4.jar:/Users/Hyatt/.m2/repository/joda-time/joda-time/2.10.2/joda-time-2.10.2.jar:/Users/Hyatt/.m2/repository/org/codehaus/plexus/plexus-utils/3.2.0/plexus-utils-3.2.0.jar:/Users/Hyatt/.m2/repository/com/googlecode/owasp-java-html-sanitizer/owasp-java-html-sanitizer/20190610.1/owasp-java-html-sanitizer-20190610.1.jar:/Users/Hyatt/.m2/repository/commons-configuration/commons-configuration/1.10/commons-configuration-1.10.jar:"/>
    <property name="java.vm.vendor" value="Oracle Corporation"/>
    <property name="sun.arch.data.model" value="64"/>
    <property name="java.vendor.url" value="https://java.oracle.com/"/>
    <property name="user.timezone" value="America/New_York"/>
    <property name="os.name" value="Mac OS X"/>
    <property name="java.vm.specification.version" value="14"/>
    <property name="sun.java.launcher" value="SUN_STANDARD"/>
    <property name="user.country" value="US"/>
    <property name="sun.boot.library.path" value="/Library/Java/JavaVirtualMachines/jdk-14.0.1.jdk/Contents/Home/lib"/>
    <property name="sun.java.command" value="/Users/Hyatt/git/untitled1/target/surefire/surefirebooter3000442423867365712.jar /Users/Hyatt/git/untitled1/target/surefire 2023-02-15T07-25-13_359-jvmRun1 surefire15037977699642973731tmp surefire_04027377248669398083tmp"/>
    <property name="jdk.debug" value="release"/>
    <property name="surefire.test.class.path" value="/Users/Hyatt/git/untitled1/target/test-classes:/Users/Hyatt/git/untitled1/target/classes:/Users/Hyatt/.m2/repository/io/rest-assured/rest-assured-all/4.3.1/rest-assured-all-4.3.1.jar:/Users/Hyatt/.m2/repository/org/codehaus/groovy/groovy/3.0.3/groovy-3.0.3.jar:/Users/Hyatt/.m2/repository/org/apache/commons/commons-lang3/3.4/commons-lang3-3.4.jar:/Users/Hyatt/.m2/repository/org/codehaus/groovy/groovy-xml/3.0.3/groovy-xml-3.0.3.jar:/Users/Hyatt/.m2/repository/org/ccil/cowan/tagsoup/tagsoup/1.2.1/tagsoup-1.2.1.jar:/Users/Hyatt/.m2/repository/jakarta/xml/bind/jakarta.xml.bind-api/2.3.3/jakarta.xml.bind-api-2.3.3.jar:/Users/Hyatt/.m2/repository/jakarta/activation/jakarta.activation-api/1.2.2/jakarta.activation-api-1.2.2.jar:/Users/Hyatt/.m2/repository/com/sun/xml/bind/jaxb-impl/2.3.3/jaxb-impl-2.3.3.jar:/Users/Hyatt/.m2/repository/org/codehaus/groovy/groovy-json/3.0.3/groovy-json-3.0.3.jar:/Users/Hyatt/.m2/repository/io/rest-assured/xml-path/4.3.1/xml-path-4.3.1.jar:/Users/Hyatt/.m2/repository/io/rest-assured/rest-assured-common/4.3.1/rest-assured-common-4.3.1.jar:/Users/Hyatt/.m2/repository/io/rest-assured/json-schema-validator/4.3.1/json-schema-validator-4.3.1.jar:/Users/Hyatt/.m2/repository/com/github/java-json-tools/json-schema-validator/2.2.10/json-schema-validator-2.2.10.jar:/Users/Hyatt/.m2/repository/com/github/java-json-tools/json-schema-core/1.2.10/json-schema-core-1.2.10.jar:/Users/Hyatt/.m2/repository/com/github/java-json-tools/jackson-coreutils/1.9/jackson-coreutils-1.9.jar:/Users/Hyatt/.m2/repository/com/github/fge/msg-simple/1.1/msg-simple-1.1.jar:/Users/Hyatt/.m2/repository/com/github/fge/btf/1.2/btf-1.2.jar:/Users/Hyatt/.m2/repository/com/github/fge/uri-template/0.9/uri-template-0.9.jar:/Users/Hyatt/.m2/repository/org/mozilla/rhino/1.7.7.1/rhino-1.7.7.1.jar:/Users/Hyatt/.m2/repository/javax/mail/mailapi/1.4.3/mailapi-1.4.3.jar:/Users/Hyatt/.m2/repository/javax/activation/activation/1.1/activation-1.1.jar:/Users/Hyatt/.m2/repository/com/googlecode/libphonenumber/libphonenumber/8.0.0/libphonenumber-8.0.0.jar:/Users/Hyatt/.m2/repository/com/google/code/findbugs/jsr305/3.0.1/jsr305-3.0.1.jar:/Users/Hyatt/.m2/repository/net/sf/jopt-simple/jopt-simple/5.0.3/jopt-simple-5.0.3.jar:/Users/Hyatt/.m2/repository/org/hamcrest/hamcrest/2.1/hamcrest-2.1.jar:/Users/Hyatt/.m2/repository/io/rest-assured/scala-support/4.3.1/scala-support-4.3.1.jar:/Users/Hyatt/.m2/repository/org/scala-lang/scala-library/2.13.0/scala-library-2.13.0.jar:/Users/Hyatt/.m2/repository/io/rest-assured/rest-assured/4.3.1/rest-assured-4.3.1.jar:/Users/Hyatt/.m2/repository/org/apache/httpcomponents/httpclient/4.5.3/httpclient-4.5.3.jar:/Users/Hyatt/.m2/repository/org/apache/httpcomponents/httpcore/4.4.6/httpcore-4.4.6.jar:/Users/Hyatt/.m2/repository/commons-logging/commons-logging/1.2/commons-logging-1.2.jar:/Users/Hyatt/.m2/repository/commons-codec/commons-codec/1.9/commons-codec-1.9.jar:/Users/Hyatt/.m2/repository/org/apache/httpcomponents/httpmime/4.5.3/httpmime-4.5.3.jar:/Users/Hyatt/.m2/repository/io/rest-assured/json-path/4.3.1/json-path-4.3.1.jar:/Users/Hyatt/.m2/repository/org/junit/jupiter/junit-jupiter-api/5.3.2/junit-jupiter-api-5.3.2.jar:/Users/Hyatt/.m2/repository/org/apiguardian/apiguardian-api/1.0.0/apiguardian-api-1.0.0.jar:/Users/Hyatt/.m2/repository/org/opentest4j/opentest4j/1.1.1/opentest4j-1.1.1.jar:/Users/Hyatt/.m2/repository/org/junit/platform/junit-platform-commons/1.3.2/junit-platform-commons-1.3.2.jar:/Users/Hyatt/.m2/repository/junit/junit/4.13/junit-4.13.jar:/Users/Hyatt/.m2/repository/org/hamcrest/hamcrest-core/1.3/hamcrest-core-1.3.jar:/Users/Hyatt/.m2/repository/org/json/json/20180813/json-20180813.jar:/Users/Hyatt/.m2/repository/com/opencsv/opencsv/5.2/opencsv-5.2.jar:/Users/Hyatt/.m2/repository/org/apache/commons/commons-text/1.8/commons-text-1.8.jar:/Users/Hyatt/.m2/repository/commons-beanutils/commons-beanutils/1.9.4/commons-beanutils-1.9.4.jar:/Users/Hyatt/.m2/repository/org/apache/commons/commons-collections4/4.4/commons-collections4-4.4.jar:/Users/Hyatt/.m2/repository/io/cucumber/cucumber-java/4.8.1/cucumber-java-4.8.1.jar:/Users/Hyatt/.m2/repository/io/cucumber/cucumber-testng/4.8.1/cucumber-testng-4.8.1.jar:/Users/Hyatt/.m2/repository/io/cucumber/cucumber-java8/4.8.1/cucumber-java8-4.8.1.jar:/Users/Hyatt/.m2/repository/net/jodah/typetools/0.5.0/typetools-0.5.0.jar:/Users/Hyatt/.m2/repository/io/cucumber/cucumber-core/4.8.1/cucumber-core-4.8.1.jar:/Users/Hyatt/.m2/repository/io/cucumber/tag-expressions/1.1.1/tag-expressions-1.1.1.jar:/Users/Hyatt/.m2/repository/io/cucumber/cucumber-expressions/7.0.2/cucumber-expressions-7.0.2.jar:/Users/Hyatt/.m2/repository/io/cucumber/datatable/1.1.14/datatable-1.1.14.jar:/Users/Hyatt/.m2/repository/io/cucumber/datatable-dependencies/1.1.14/datatable-dependencies-1.1.14.jar:/Users/Hyatt/.m2/repository/io/cucumber/cucumber-junit/4.8.1/cucumber-junit-4.8.1.jar:/Users/Hyatt/.m2/repository/io/cucumber/gherkin/5.0.0/gherkin-5.0.0.jar:/Users/Hyatt/.m2/repository/io/cucumber/gherkin-jvm-deps/1.0.4/gherkin-jvm-deps-1.0.4.jar:/Users/Hyatt/.m2/repository/io/cucumber/cucumber-picocontainer/5.0.0/cucumber-picocontainer-5.0.0.jar:/Users/Hyatt/.m2/repository/org/picocontainer/picocontainer/2.15/picocontainer-2.15.jar:/Users/Hyatt/.m2/repository/org/assertj/assertj-core/3.13.2/assertj-core-3.13.2.jar:/Users/Hyatt/.m2/repository/org/seleniumhq/selenium/selenium-firefox-driver/3.141.59/selenium-firefox-driver-3.141.59.jar:/Users/Hyatt/.m2/repository/org/seleniumhq/selenium/selenium-api/3.141.59/selenium-api-3.141.59.jar:/Users/Hyatt/.m2/repository/net/bytebuddy/byte-buddy/1.8.15/byte-buddy-1.8.15.jar:/Users/Hyatt/.m2/repository/org/apache/commons/commons-exec/1.3/commons-exec-1.3.jar:/Users/Hyatt/.m2/repository/com/google/guava/guava/25.0-jre/guava-25.0-jre.jar:/Users/Hyatt/.m2/repository/org/checkerframework/checker-compat-qual/2.0.0/checker-compat-qual-2.0.0.jar:/Users/Hyatt/.m2/repository/com/google/errorprone/error_prone_annotations/2.1.3/error_prone_annotations-2.1.3.jar:/Users/Hyatt/.m2/repository/com/google/j2objc/j2objc-annotations/1.1/j2objc-annotations-1.1.jar:/Users/Hyatt/.m2/repository/org/codehaus/mojo/animal-sniffer-annotations/1.14/animal-sniffer-annotations-1.14.jar:/Users/Hyatt/.m2/repository/com/squareup/okhttp3/okhttp/3.11.0/okhttp-3.11.0.jar:/Users/Hyatt/.m2/repository/com/squareup/okio/okio/1.14.0/okio-1.14.0.jar:/Users/Hyatt/.m2/repository/org/seleniumhq/selenium/selenium-chrome-driver/3.141.59/selenium-chrome-driver-3.141.59.jar:/Users/Hyatt/.m2/repository/org/seleniumhq/selenium/selenium-remote-driver/3.141.59/selenium-remote-driver-3.141.59.jar:/Users/Hyatt/.m2/repository/org/seleniumhq/selenium/selenium-java/3.141.59/selenium-java-3.141.59.jar:/Users/Hyatt/.m2/repository/org/seleniumhq/selenium/selenium-edge-driver/3.141.59/selenium-edge-driver-3.141.59.jar:/Users/Hyatt/.m2/repository/org/seleniumhq/selenium/selenium-ie-driver/3.141.59/selenium-ie-driver-3.141.59.jar:/Users/Hyatt/.m2/repository/org/seleniumhq/selenium/selenium-opera-driver/3.141.59/selenium-opera-driver-3.141.59.jar:/Users/Hyatt/.m2/repository/org/seleniumhq/selenium/selenium-safari-driver/3.141.59/selenium-safari-driver-3.141.59.jar:/Users/Hyatt/.m2/repository/org/seleniumhq/selenium/selenium-support/3.141.59/selenium-support-3.141.59.jar:/Users/Hyatt/.m2/repository/com/google/code/gson/gson/2.8.2/gson-2.8.2.jar:/Users/Hyatt/.m2/repository/org/testng/testng/6.14.3/testng-6.14.3.jar:/Users/Hyatt/.m2/repository/com/beust/jcommander/1.72/jcommander-1.72.jar:/Users/Hyatt/.m2/repository/org/apache-extras/beanshell/bsh/2.0b6/bsh-2.0b6.jar:/Users/Hyatt/.m2/repository/io/github/bonigarcia/webdrivermanager/4.2.0/webdrivermanager-4.2.0.jar:/Users/Hyatt/.m2/repository/org/slf4j/slf4j-api/1.7.30/slf4j-api-1.7.30.jar:/Users/Hyatt/.m2/repository/commons-io/commons-io/2.7/commons-io-2.7.jar:/Users/Hyatt/.m2/repository/org/apache/httpcomponents/client5/httpclient5/5.0.1/httpclient5-5.0.1.jar:/Users/Hyatt/.m2/repository/org/apache/httpcomponents/core5/httpcore5/5.0.1/httpcore5-5.0.1.jar:/Users/Hyatt/.m2/repository/org/apache/httpcomponents/core5/httpcore5-h2/5.0.1/httpcore5-h2-5.0.1.jar:/Users/Hyatt/.m2/repository/org/rauschig/jarchivelib/1.0.0/jarchivelib-1.0.0.jar:/Users/Hyatt/.m2/repository/org/apache/commons/commons-compress/1.18/commons-compress-1.18.jar:/Users/Hyatt/.m2/repository/org/jsoup/jsoup/1.13.1/jsoup-1.13.1.jar:/Users/Hyatt/.m2/repository/net/masterthought/cucumber-reporting/4.11.2/cucumber-reporting-4.11.2.jar:/Users/Hyatt/.m2/repository/com/fasterxml/jackson/core/jackson-databind/2.9.9.3/jackson-databind-2.9.9.3.jar:/Users/Hyatt/.m2/repository/com/fasterxml/jackson/core/jackson-annotations/2.9.0/jackson-annotations-2.9.0.jar:/Users/Hyatt/.m2/repository/com/fasterxml/jackson/core/jackson-core/2.9.9/jackson-core-2.9.9.jar:/Users/Hyatt/.m2/repository/org/apache/velocity/velocity/1.7/velocity-1.7.jar:/Users/Hyatt/.m2/repository/commons-lang/commons-lang/2.4/commons-lang-2.4.jar:/Users/Hyatt/.m2/repository/commons-collections/commons-collections/3.2.2/commons-collections-3.2.2.jar:/Users/Hyatt/.m2/repository/velocity-tools/velocity-tools/1.4/velocity-tools-1.4.jar:/Users/Hyatt/.m2/repository/joda-time/joda-time/2.10.2/joda-time-2.10.2.jar:/Users/Hyatt/.m2/repository/org/codehaus/plexus/plexus-utils/3.2.0/plexus-utils-3.2.0.jar:/Users/Hyatt/.m2/repository/com/googlecode/owasp-java-html-sanitizer/owasp-java-html-sanitizer/20190610.1/owasp-java-html-sanitizer-20190610.1.jar:/Users/Hyatt/.m2/repository/commons-configuration/commons-configuration/1.10/commons-configuration-1.10.jar:"/>
    <property name="sun.cpu.endian" value="little"/>
    <property name="user.home" value="/Users/Hyatt"/>
    <property name="user.language" value="en"/>
    <property name="java.specification.vendor" value="Oracle Corporation"/>
    <property name="java.version.date" value="2020-04-14"/>
    <property name="java.home" value="/Library/Java/JavaVirtualMachines/jdk-14.0.1.jdk/Contents/Home"/>
    <property name="file.separator" value="/"/>
    <property name="basedir" value="/Users/Hyatt/git/untitled1"/>
    <property name="java.vm.compressedOopsMode" value="Zero based"/>
    <property name="line.separator" value="&#10;"/>
    <property name="java.vm.specification.vendor" value="Oracle Corporation"/>
    <property name="java.specification.name" value="Java Platform API Specification"/>
    <property name="surefire.real.class.path" value="/Users/Hyatt/git/untitled1/target/surefire/surefirebooter3000442423867365712.jar"/>
    <property name="sun.management.compiler" value="HotSpot 64-Bit Tiered Compilers"/>
    <property name="java.runtime.version" value="14.0.1+7"/>
    <property name="user.name" value="Hyatt"/>
    <property name="path.separator" value=":"/>
    <property name="os.version" value="10.16"/>
    <property name="java.runtime.name" value="Java(TM) SE Runtime Environment"/>
    <property name="file.encoding" value="UTF-8"/>
    <property name="java.vm.name" value="Java HotSpot(TM) 64-Bit Server VM"/>
    <property name="localRepository" value="/Users/Hyatt/.m2/repository"/>
    <property name="cucumber.options" value="--tags &quot;@smoke&quot;"/>
    <property name="java.vendor.url.bug" value="https://bugreport.java.com/bugreport/"/>
    <property name="java.io.tmpdir" value="/var/folders/9x/5q7m2ypj2595gqv9t7vh4dkc0000gn/T/"/>
    <property name="java.version" value="14.0.1"/>
    <property name="user.dir" value="/Users/Hyatt/git/untitled1"/>
    <property name="os.arch" value="x86_64"/>
    <property name="java.vm.specification.name" value="Java Virtual Machine Specification"/>
    <property name="java.library.path" value="/Users/Hyatt/Library/Java/Extensions:/Library/Java/Extensions:/Network/Library/Java/Extensions:/System/Library/Java/Extensions:/usr/lib/java:."/>
    <property name="java.vm.info" value="mixed mode, sharing"/>
    <property name="java.vendor" value="Oracle Corporation"/>
    <property name="java.vm.version" value="14.0.1+7"/>
    <property name="sun.io.unicode.encoding" value="UnicodeBig"/>
    <property name="java.class.version" value="58.0"/>
  </properties>
  <testcase name="Verify 20% Cash Advance" classname="Feature: Discover Website" time="7.934">
    <error type="java.lang.NullPointerException"><![CDATA[java.lang.NullPointerException
]]></error>
    <system-out><![CDATA[Feature: Discover Website
  In order to validate Discover Website
  As a user
  I wish to verify the cash advance is greater than 20%

  @smoke
  Scenario: Verify 20% Cash Advance               &amp#27;[90m# src/test/resources/features/discover.feature:8&amp#27;[0m
    &amp#27;[32mGiven &amp#27;[0m&amp#27;[32mI navigate to discover website&amp#27;[0m          &amp#27;[90m# UIsteps.iNavigateToDiscoverWebsite()&amp#27;[0m
ChromeDriver: chrome on MAC (99bd65c1a47e35ca5c7cb539ca2754c4)
    &amp#27;[32mAnd &amp#27;[0m&amp#27;[32mI click on the Credit Cards Icon&amp#27;[0m          &amp#27;[90m# UIsteps.iClickOnTheCreditCardsIcon()&amp#27;[0m
    &amp#27;[31mAnd &amp#27;[0m&amp#27;[31mI click the apply now secured credit card&amp#27;[0m &amp#27;[90m# UIsteps.iClickTheApplyNowSecuredCreditCard()&amp#27;[0m
      &amp#27;[31mjava.lang.NullPointerException
	at stepdefs.UIsteps.iClickTheApplyNowSecuredCreditCard(UIsteps.java:74)
	at ✽.I click the apply now secured credit card(file:src/test/resources/features/discover.feature:11)
&amp#27;[0m
]]></system-out>
    <system-err><![CDATA[Feb 15, 2023 7:25:15 AM cucumber.runtime.java.ObjectFactoryLoader loadSingleObjectFactory
INFO: Loading ObjectFactory via service loader: io.cucumber.picocontainer.PicoFactory
SLF4J: Failed to load class "org.slf4j.impl.StaticLoggerBinder".
SLF4J: Defaulting to no-operation (NOP) logger implementation
SLF4J: See http://www.slf4j.org/codes.html#StaticLoggerBinder for further details.
Starting ChromeDriver 109.0.5414.74 (e7c5703604daa9cc128ccf5a5d3e993513758913-refs/branch-heads/5414@{#1172}) on port 32866
Only local connections are allowed.
Please see https://chromedriver.chromium.org/security-considerations for suggestions on keeping ChromeDriver safe.
ChromeDriver was started successfully.
[1676463918.972][WARNING]: This version of ChromeDriver has not been tested with Chrome version 110.
Feb 15, 2023 7:25:19 AM org.openqa.selenium.remote.ProtocolHandshake createSession
INFO: Detected dialect: W3C
]]></system-err>
  </testcase>
</testsuite>